<?xml version="1.0" encoding="UTF-8" ?>
<testsuite tests="67" failures="0" name="org.primefaces.expression.SearchExpressionFacadeTest" time="0.094" errors="0" skipped="0">
  <properties>
    <property name="java.runtime.name" value="Java(TM) SE Runtime Environment"/>
    <property name="sun.boot.library.path" value="C:\Program Files\Java\jdk1.8.0_60\jre\bin"/>
    <property name="java.vm.version" value="25.60-b23"/>
    <property name="user.country.format" value="CN"/>
    <property name="java.vm.vendor" value="Oracle Corporation"/>
    <property name="java.vendor.url" value="http://java.oracle.com/"/>
    <property name="path.separator" value=";"/>
    <property name="guice.disable.misplaced.annotation.check" value="true"/>
    <property name="java.vm.name" value="Java HotSpot(TM) 64-Bit Server VM"/>
    <property name="file.encoding.pkg" value="sun.io"/>
    <property name="user.script" value=""/>
    <property name="user.country" value="DE"/>
    <property name="sun.java.launcher" value="SUN_STANDARD"/>
    <property name="sun.os.patch.level" value="Service Pack 1"/>
    <property name="java.vm.specification.name" value="Java Virtual Machine Specification"/>
    <property name="user.dir" value="C:\Users\hou\Desktop\11_03_Pf\repo\primefaces"/>
    <property name="java.runtime.version" value="1.8.0_60-b27"/>
    <property name="java.awt.graphicsenv" value="sun.awt.Win32GraphicsEnvironment"/>
    <property name="java.endorsed.dirs" value="C:\Program Files\Java\jdk1.8.0_60\jre\lib\endorsed"/>
    <property name="os.arch" value="amd64"/>
    <property name="java.io.tmpdir" value="C:\Users\hou\AppData\Local\Temp\"/>
    <property name="line.separator" value="
"/>
    <property name="java.vm.specification.vendor" value="Oracle Corporation"/>
    <property name="user.variant" value=""/>
    <property name="os.name" value="Windows 7"/>
    <property name="maven.ext.class.path" value="C:\Program Files\NetBeans 8.0.2\java\maven-nblib\netbeans-eventspy.jar"/>
    <property name="classworlds.conf" value="C:\Program Files\NetBeans 8.0.2\java\maven\bin\m2.conf"/>
    <property name="sun.jnu.encoding" value="Cp1252"/>
    <property name="java.library.path" value="C:\Program Files\Java\jdk1.8.0_60\bin;C:\Windows\Sun\Java\bin;C:\Windows\system32;C:\Windows;C:\ProgramData\Oracle\Java\javapath;C:\Windows\system32;C:\Windows;C:\Windows\System32\Wbem;C:\Windows\System32\WindowsPowerShell\v1.0\;C:\Program Files\Intel\WiFi\bin\;C:\Program Files\Common Files\Intel\WirelessCommon\;C:\Program Files\TortoiseGit\bin;."/>
    <property name="java.specification.name" value="Java Platform API Specification"/>
    <property name="java.class.version" value="52.0"/>
    <property name="sun.management.compiler" value="HotSpot 64-Bit Tiered Compilers"/>
    <property name="os.version" value="6.1"/>
    <property name="user.home" value="C:\Users\hou"/>
    <property name="user.timezone" value="Europe/Berlin"/>
    <property name="java.awt.printerjob" value="sun.awt.windows.WPrinterJob"/>
    <property name="java.specification.version" value="1.8"/>
    <property name="file.encoding" value="UTF-8"/>
    <property name="user.name" value="hou"/>
    <property name="java.class.path" value="C:\Program Files\NetBeans 8.0.2\java\maven\boot\plexus-classworlds-2.4.jar"/>
    <property name="java.vm.specification.version" value="1.8"/>
    <property name="sun.arch.data.model" value="64"/>
    <property name="java.home" value="C:\Program Files\Java\jdk1.8.0_60\jre"/>
    <property name="sun.java.command" value="org.codehaus.plexus.classworlds.launcher.Launcher -Dmaven.ext.class.path=C:\Program Files\NetBeans 8.0.2\java\maven-nblib\netbeans-eventspy.jar -Dfile.encoding=UTF-8 --errors -e install"/>
    <property name="java.specification.vendor" value="Oracle Corporation"/>
    <property name="user.language" value="de"/>
    <property name="user.language.format" value="zh"/>
    <property name="awt.toolkit" value="sun.awt.windows.WToolkit"/>
    <property name="java.vm.info" value="mixed mode"/>
    <property name="java.version" value="1.8.0_60"/>
    <property name="java.ext.dirs" value="C:\Program Files\Java\jdk1.8.0_60\jre\lib\ext;C:\Windows\Sun\Java\lib\ext"/>
    <property name="sun.boot.class.path" value="C:\Program Files\Java\jdk1.8.0_60\jre\lib\resources.jar;C:\Program Files\Java\jdk1.8.0_60\jre\lib\rt.jar;C:\Program Files\Java\jdk1.8.0_60\jre\lib\sunrsasign.jar;C:\Program Files\Java\jdk1.8.0_60\jre\lib\jsse.jar;C:\Program Files\Java\jdk1.8.0_60\jre\lib\jce.jar;C:\Program Files\Java\jdk1.8.0_60\jre\lib\charsets.jar;C:\Program Files\Java\jdk1.8.0_60\jre\lib\jfr.jar;C:\Program Files\Java\jdk1.8.0_60\jre\classes"/>
    <property name="java.vendor" value="Oracle Corporation"/>
    <property name="maven.home" value="C:\Program Files\NetBeans 8.0.2\java\maven"/>
    <property name="file.separator" value="\"/>
    <property name="java.vendor.url.bug" value="http://bugreport.sun.com/bugreport/"/>
    <property name="sun.cpu.endian" value="little"/>
    <property name="sun.io.unicode.encoding" value="UnicodeLittle"/>
    <property name="sun.desktop" value="windows"/>
    <property name="sun.cpu.isalist" value="amd64"/>
  </properties>
  <testcase classname="org.primefaces.expression.SearchExpressionFacadeTest" name="resolveClientId_AbsoluteWithFormPrependIdFalse_InvokeOnComponentSkipUnrendered_Unredered" time="0"/>
  <testcase classname="org.primefaces.expression.SearchExpressionFacadeTest" name="resolveClientId_AbsoluteWithFormPrependIdFalse_InvokeOnComponentSkipUnrendered" time="0"/>
  <testcase classname="org.primefaces.expression.SearchExpressionFacadeTest" name="resolveComponents_SimpleMultiSearchExpressionResolver_ParentParent" time="0.015"/>
  <testcase classname="org.primefaces.expression.SearchExpressionFacadeTest" name="resolveClientIds_MultiSearchExpressionResolver_ClientIdSearchExpressionResolver" time="0"/>
  <testcase classname="org.primefaces.expression.SearchExpressionFacadeTest" name="resolveComponent_NamingcontainerNamingcontainer" time="0"/>
  <testcase classname="org.primefaces.expression.SearchExpressionFacadeTest" name="resolveComponent_NamingcontainerParent" time="0"/>
  <testcase classname="org.primefaces.expression.SearchExpressionFacadeTest" name="resolveComponent_AbsoluteNamingcontainer" time="0"/>
  <testcase classname="org.primefaces.expression.SearchExpressionFacadeTest" name="resolveComponent_AbsoluteNamingcontainerParent" time="0"/>
  <testcase classname="org.primefaces.expression.SearchExpressionFacadeTest" name="resolveComponent_NotNestablePasstrough" time="0"/>
  <testcase classname="org.primefaces.expression.SearchExpressionFacadeTest" name="resolveClientId_NotNestablePasstrough" time="0"/>
  <testcase classname="org.primefaces.expression.SearchExpressionFacadeTest" name="resolveClientId_AbsoluteNamingcontainer" time="0"/>
  <testcase classname="org.primefaces.expression.SearchExpressionFacadeTest" name="resolveClientId_AbsoluteNamingcontainerParent" time="0"/>
  <testcase classname="org.primefaces.expression.SearchExpressionFacadeTest" name="resolveComponent_AbsoluteKeywordStart" time="0"/>
  <testcase classname="org.primefaces.expression.SearchExpressionFacadeTest" name="resolveClientId_AbsoluteKeywordStart" time="0"/>
  <testcase classname="org.primefaces.expression.SearchExpressionFacadeTest" name="resolveClientIds_RelativeAndParent" time="0"/>
  <testcase classname="org.primefaces.expression.SearchExpressionFacadeTest" name="resolveClientIds_RelativeAndParentParent" time="0"/>
  <testcase classname="org.primefaces.expression.SearchExpressionFacadeTest" name="resolveClientIds_RelativeAndThisParent" time="0"/>
  <testcase classname="org.primefaces.expression.SearchExpressionFacadeTest" name="resolveComponents_RelativeAndParent" time="0"/>
  <testcase classname="org.primefaces.expression.SearchExpressionFacadeTest" name="resolveComponents_RelativeAndParentParent" time="0"/>
  <testcase classname="org.primefaces.expression.SearchExpressionFacadeTest" name="resolveComponents_RelativeAndThisParent" time="0"/>
  <testcase classname="org.primefaces.expression.SearchExpressionFacadeTest" name="resolveClientIds_PFSNestedParenthese" time="0"/>
  <testcase classname="org.primefaces.expression.SearchExpressionFacadeTest" name="resolveClientId_NonCombineableAllAndNone" time="0"/>
  <testcase classname="org.primefaces.expression.SearchExpressionFacadeTest" name="resolveComponentWithParentFallback" time="0"/>
  <testcase classname="org.primefaces.expression.SearchExpressionFacadeTest" name="resolveClientIdsWithParentFallback" time="0"/>
  <testcase classname="org.primefaces.expression.SearchExpressionFacadeTest" name="resolveComponent_PreviousPrevious" time="0"/>
  <testcase classname="org.primefaces.expression.SearchExpressionFacadeTest" name="resolveComponent_FormChildNextNext" time="0"/>
  <testcase classname="org.primefaces.expression.SearchExpressionFacadeTest" name="resolveClientId_AbsoluteWithFormPrependIdFalse" time="0"/>
  <testcase classname="org.primefaces.expression.SearchExpressionFacadeTest" name="resolveClientIds_RelativeAndPFSAndWidgetVarAndFormParent" time="0"/>
  <testcase classname="org.primefaces.expression.SearchExpressionFacadeTest" name="resolveClientId_AbsoluteWithFormPrependIdFalse_InvokeOnComponent" time="0"/>
  <testcase classname="org.primefaces.expression.SearchExpressionFacadeTest" name="resolveComponents_SimpleMultiSearchExpressionResolver" time="0"/>
  <testcase classname="org.primefaces.expression.SearchExpressionFacadeTest" name="resolveComponents_SimpleMultiSearchExpressionResolver_Parent" time="0"/>
  <testcase classname="org.primefaces.expression.SearchExpressionFacadeTest" name="resolveComponent_Parent" time="0"/>
  <testcase classname="org.primefaces.expression.SearchExpressionFacadeTest" name="resolveComponent_ParentParent" time="0"/>
  <testcase classname="org.primefaces.expression.SearchExpressionFacadeTest" name="resolveComponent_Form" time="0"/>
  <testcase classname="org.primefaces.expression.SearchExpressionFacadeTest" name="resolveComponent_FormParent" time="0"/>
  <testcase classname="org.primefaces.expression.SearchExpressionFacadeTest" name="resolveComponent_All" time="0"/>
  <testcase classname="org.primefaces.expression.SearchExpressionFacadeTest" name="resolveComponent_This" time="0"/>
  <testcase classname="org.primefaces.expression.SearchExpressionFacadeTest" name="resolveComponent_ThisParent" time="0"/>
  <testcase classname="org.primefaces.expression.SearchExpressionFacadeTest" name="resolveComponent_Namingcontainer" time="0"/>
  <testcase classname="org.primefaces.expression.SearchExpressionFacadeTest" name="resolveComponent_None" time="0"/>
  <testcase classname="org.primefaces.expression.SearchExpressionFacadeTest" name="resolveComponent_Absolute" time="0"/>
  <testcase classname="org.primefaces.expression.SearchExpressionFacadeTest" name="resolveComponent_Relative" time="0"/>
  <testcase classname="org.primefaces.expression.SearchExpressionFacadeTest" name="resolveComponent_AbsoluteForm" time="0"/>
  <testcase classname="org.primefaces.expression.SearchExpressionFacadeTest" name="resolveComponent_ParentChild" time="0"/>
  <testcase classname="org.primefaces.expression.SearchExpressionFacadeTest" name="resolveClientId_ParentChild" time="0"/>
  <testcase classname="org.primefaces.expression.SearchExpressionFacadeTest" name="resolveClientId_None" time="0"/>
  <testcase classname="org.primefaces.expression.SearchExpressionFacadeTest" name="resolveClientId_PFS" time="0"/>
  <testcase classname="org.primefaces.expression.SearchExpressionFacadeTest" name="resolveClientId_All" time="0"/>
  <testcase classname="org.primefaces.expression.SearchExpressionFacadeTest" name="resolveClientId_WidgetVar" time="0"/>
  <testcase classname="org.primefaces.expression.SearchExpressionFacadeTest" name="resolveClientId_Parent" time="0"/>
  <testcase classname="org.primefaces.expression.SearchExpressionFacadeTest" name="resolveClientId_This" time="0"/>
  <testcase classname="org.primefaces.expression.SearchExpressionFacadeTest" name="resolveClientId_Namingcontainer" time="0"/>
  <testcase classname="org.primefaces.expression.SearchExpressionFacadeTest" name="resolveClientId_Form" time="0"/>
  <testcase classname="org.primefaces.expression.SearchExpressionFacadeTest" name="resolveClientId_Root" time="0"/>
  <testcase classname="org.primefaces.expression.SearchExpressionFacadeTest" name="resolveClientId_Absolute" time="0"/>
  <testcase classname="org.primefaces.expression.SearchExpressionFacadeTest" name="resolveClientId_Relative" time="0"/>
  <testcase classname="org.primefaces.expression.SearchExpressionFacadeTest" name="resolveClientId_AbsoluteForm" time="0"/>
  <testcase classname="org.primefaces.expression.SearchExpressionFacadeTest" name="resolveClientIds_PFSMultipleIds" time="0"/>
  <testcase classname="org.primefaces.expression.SearchExpressionFacadeTest" name="resolveComponent_Next" time="0"/>
  <testcase classname="org.primefaces.expression.SearchExpressionFacadeTest" name="resolveComponent_NextNext" time="0"/>
  <testcase classname="org.primefaces.expression.SearchExpressionFacadeTest" name="resolveComponent_Previous" time="0"/>
  <testcase classname="org.primefaces.expression.SearchExpressionFacadeTest" name="resolveComponent_NoResult" time="0"/>
  <testcase classname="org.primefaces.expression.SearchExpressionFacadeTest" name="resolveComponent_IgnoreNoResult" time="0"/>
  <testcase classname="org.primefaces.expression.SearchExpressionFacadeTest" name="resolveComponent_WidgetVarNext" time="0.016"/>
  <testcase classname="org.primefaces.expression.SearchExpressionFacadeTest" name="resolveClientId_WidgetVarNext" time="0"/>
  <testcase classname="org.primefaces.expression.SearchExpressionFacadeTest" name="resolveComponent_WidgetVar" time="0"/>
  <testcase classname="org.primefaces.expression.SearchExpressionFacadeTest" name="resolveComponents_SimpleMultiSearchExpressionResolver_ParentParent_IgnoreNoResult" time="0"/>
</testsuite>